# JRE version: OpenJDK Runtime Environment GraalVM CE 21.3.0 (17.0.1+12) (build 17.0.1+12-jvmci-21.3-b05)
# Java VM: OpenJDK 64-Bit Server VM GraalVM CE 21.3.0 (17.0.1+12-jvmci-21.3-b05, mixed mode, sharing, tiered, jvmci, jvmci compiler, compressed oops, compressed class ptrs, g1 gc, windows-amd64)
GC Precious Log:
 CPUs: 8 total, 8 available
 Memory: 16268M
 Large Page Support: Disabled
 NUMA Support: Disabled
 Compressed Oops: Enabled (Zero based)
 Heap Region Size: 2M
 Heap Min Capacity: 8M
 Heap Initial Capacity: 256M
 Heap Max Capacity: 4068M
 Pre-touch: Disabled
 Parallel Workers: 8
 Concurrent Workers: 2
 Concurrent Refinement Workers: 8
 Periodic GC: Disabled
Heap:
 garbage-first heap   total 288768K, used 69644K [0x0000000701c00000, 0x0000000800000000)
  region size 2048K, 3 young (6144K), 1 survivors (2048K)
 Metaspace       used 28828K, committed 29120K, reserved 1081344K
  class space    used 2739K, committed 2880K, reserved 1048576K
GC Heap History (20 events):
Event: 0.995 GC heap before
{Heap before GC invocations=1 (full 0):
 garbage-first heap   total 262144K, used 35934K [0x0000000701c00000, 0x0000000800000000)
  region size 2048K, 11 young (22528K), 2 survivors (4096K)
 Metaspace       used 3364K, committed 3520K, reserved 1056768K
  class space    used 317K, committed 384K, reserved 1048576K
}
Event: 0.997 GC heap after
{Heap after GC invocations=2 (full 0):
 garbage-first heap   total 262144K, used 17885K [0x0000000701c00000, 0x0000000800000000)
  region size 2048K, 1 young (2048K), 1 survivors (2048K)
 Metaspace       used 3364K, committed 3520K, reserved 1056768K
  class space    used 317K, committed 384K, reserved 1048576K
}
Event: 2.114 GC heap before
{Heap before GC invocations=2 (full 0):
 garbage-first heap   total 262144K, used 73181K [0x0000000701c00000, 0x0000000800000000)
  region size 2048K, 28 young (57344K), 1 survivors (2048K)
 Metaspace       used 17449K, committed 17792K, reserved 1064960K
  class space    used 1946K, committed 2112K, reserved 1048576K
}
Event: 2.118 GC heap after
{Heap after GC invocations=3 (full 0):
 garbage-first heap   total 262144K, used 22020K [0x0000000701c00000, 0x0000000800000000)
  region size 2048K, 3 young (6144K), 3 survivors (6144K)
 Metaspace       used 17449K, committed 17792K, reserved 1064960K
  class space    used 1946K, committed 2112K, reserved 1048576K
}
Event: 2.656 GC heap before
{Heap before GC invocations=3 (full 0):
 garbage-first heap   total 262144K, used 34308K [0x0000000701c00000, 0x0000000800000000)
  region size 2048K, 10 young (20480K), 3 survivors (6144K)
 Metaspace       used 21281K, committed 21504K, reserved 1073152K
  class space    used 2145K, committed 2240K, reserved 1048576K
}
Event: 2.659 GC heap after
{Heap after GC invocations=4 (full 0):
 garbage-first heap   total 262144K, used 23301K [0x0000000701c00000, 0x0000000800000000)
  region size 2048K, 3 young (6144K), 3 survivors (6144K)
 Metaspace       used 21281K, committed 21504K, reserved 1073152K
  class space    used 2145K, committed 2240K, reserved 1048576K
}
Event: 4.175 GC heap before
{Heap before GC invocations=5 (full 0):
 garbage-first heap   total 90112K, used 68357K [0x0000000701c00000, 0x0000000800000000)
  region size 2048K, 26 young (53248K), 3 survivors (6144K)
 Metaspace       used 28282K, committed 28608K, reserved 1081344K
  class space    used 2715K, committed 2880K, reserved 1048576K
}
Event: 4.188 GC heap after
{Heap after GC invocations=6 (full 0):
 garbage-first heap   total 90112K, used 32901K [0x0000000701c00000, 0x0000000800000000)
  region size 2048K, 4 young (8192K), 4 survivors (8192K)
 Metaspace       used 28282K, committed 28608K, reserved 1081344K
  class space    used 2715K, committed 2880K, reserved 1048576K
}
Event: 4.195 GC heap before
{Heap before GC invocations=6 (full 0):
 garbage-first heap   total 90112K, used 34949K [0x0000000701c00000, 0x0000000800000000)
  region size 2048K, 5 young (10240K), 4 survivors (8192K)
 Metaspace       used 28289K, committed 28608K, reserved 1081344K
  class space    used 2715K, committed 2880K, reserved 1048576K
}
Event: 4.199 GC heap after
{Heap after GC invocations=7 (full 0):
 garbage-first heap   total 90112K, used 34729K [0x0000000701c00000, 0x0000000800000000)
  region size 2048K, 1 young (2048K), 1 survivors (2048K)
 Metaspace       used 28289K, committed 28608K, reserved 1081344K
  class space    used 2715K, committed 2880K, reserved 1048576K
}
Event: 4.301 GC heap before
{Heap before GC invocations=7 (full 0):
 garbage-first heap   total 90112K, used 57257K [0x0000000701c00000, 0x0000000800000000)
  region size 2048K, 11 young (22528K), 1 survivors (2048K)
 Metaspace       used 28352K, committed 28608K, reserved 1081344K
  class space    used 2715K, committed 2880K, reserved 1048576K
}
Event: 4.315 GC heap after
{Heap after GC invocations=8 (full 0):
 garbage-first heap   total 90112K, used 52936K [0x0000000701c00000, 0x0000000800000000)
  region size 2048K, 2 young (4096K), 2 survivors (4096K)
 Metaspace       used 28352K, committed 28608K, reserved 1081344K
  class space    used 2715K, committed 2880K, reserved 1048576K
}
Event: 4.376 GC heap before
{Heap before GC invocations=9 (full 0):
 garbage-first heap   total 110592K, used 63176K [0x0000000701c00000, 0x0000000800000000)
  region size 2048K, 3 young (6144K), 2 survivors (4096K)
 Metaspace       used 28366K, committed 28672K, reserved 1081344K
  class space    used 2715K, committed 2880K, reserved 1048576K
}
Event: 4.379 GC heap after
{Heap after GC invocations=10 (full 0):
 garbage-first heap   total 110592K, used 49828K [0x0000000701c00000, 0x0000000800000000)
  region size 2048K, 1 young (2048K), 1 survivors (2048K)
 Metaspace       used 28366K, committed 28672K, reserved 1081344K
  class space    used 2715K, committed 2880K, reserved 1048576K
}
Event: 4.382 GC heap before
{Heap before GC invocations=10 (full 0):
 garbage-first heap   total 110592K, used 51876K [0x0000000701c00000, 0x0000000800000000)
  region size 2048K, 1 young (2048K), 1 survivors (2048K)
 Metaspace       used 28366K, committed 28672K, reserved 1081344K
  class space    used 2715K, committed 2880K, reserved 1048576K
}
Event: 4.383 GC heap after
{Heap after GC invocations=11 (full 0):
 garbage-first heap   total 110592K, used 51242K [0x0000000701c00000, 0x0000000800000000)
  region size 2048K, 1 young (2048K), 1 survivors (2048K)
 Metaspace       used 28366K, committed 28672K, reserved 1081344K
  class space    used 2715K, committed 2880K, reserved 1048576K
}
Event: 4.456 GC heap before
{Heap before GC invocations=12 (full 0):
 garbage-first heap   total 122880K, used 71722K [0x0000000701c00000, 0x0000000800000000)
  region size 2048K, 2 young (4096K), 1 survivors (2048K)
 Metaspace       used 28378K, committed 28672K, reserved 1081344K
  class space    used 2715K, committed 2880K, reserved 1048576K
}
Event: 4.457 GC heap after
{Heap after GC invocations=13 (full 0):
 garbage-first heap   total 122880K, used 51210K [0x0000000701c00000, 0x0000000800000000)
  region size 2048K, 1 young (2048K), 1 survivors (2048K)
 Metaspace       used 28378K, committed 28672K, reserved 1081344K
  class space    used 2715K, committed 2880K, reserved 1048576K
}
Event: 4.464 GC heap before
{Heap before GC invocations=13 (full 0):
 garbage-first heap   total 122880K, used 55306K [0x0000000701c00000, 0x0000000800000000)
  region size 2048K, 2 young (4096K), 1 survivors (2048K)
 Metaspace       used 28378K, committed 28672K, reserved 1081344K
  class space    used 2715K, committed 2880K, reserved 1048576K
}
Event: 4.465 GC heap after
{Heap after GC invocations=14 (full 0):
 garbage-first heap   total 288768K, used 53260K [0x0000000701c00000, 0x0000000800000000)
  region size 2048K, 1 young (2048K), 1 survivors (2048K)
 Metaspace       used 28378K, committed 28672K, reserved 1081344K
  class space    used 2715K, committed 2880K, reserved 1048576K
}

