# JRE version: OpenJDK Runtime Environment GraalVM CE 21.3.0 (17.0.1+12) (build 17.0.1+12-jvmci-21.3-b05)
# Java VM: OpenJDK 64-Bit Server VM GraalVM CE 21.3.0 (17.0.1+12-jvmci-21.3-b05, mixed mode, sharing, tiered, jvmci, jvmci compiler, compressed oops, compressed class ptrs, g1 gc, windows-amd64)
GC Precious Log:
 CPUs: 8 total, 8 available
 Memory: 16268M
 Large Page Support: Disabled
 NUMA Support: Disabled
 Compressed Oops: Enabled (Zero based)
 Heap Region Size: 2M
 Heap Min Capacity: 8M
 Heap Initial Capacity: 256M
 Heap Max Capacity: 4068M
 Pre-touch: Disabled
 Parallel Workers: 8
 Concurrent Workers: 2
 Concurrent Refinement Workers: 8
 Periodic GC: Disabled
Heap:
 garbage-first heap   total 126976K, used 69944K [0x0000000701c00000, 0x0000000800000000)
  region size 2048K, 3 young (6144K), 1 survivors (2048K)
 Metaspace       used 28802K, committed 29184K, reserved 1081344K
  class space    used 2741K, committed 2944K, reserved 1048576K
GC Heap History (18 events):
Event: 1.156 GC heap before
{Heap before GC invocations=0 (full 0):
 garbage-first heap   total 262144K, used 26624K [0x0000000701c00000, 0x0000000800000000)
  region size 2048K, 11 young (22528K), 0 survivors (0K)
 Metaspace       used 1025K, committed 1216K, reserved 1056768K
  class space    used 44K, committed 128K, reserved 1048576K
}
Event: 1.163 GC heap after
{Heap after GC invocations=1 (full 0):
 garbage-first heap   total 262144K, used 17446K [0x0000000701c00000, 0x0000000800000000)
  region size 2048K, 2 young (4096K), 2 survivors (4096K)
 Metaspace       used 1025K, committed 1216K, reserved 1056768K
  class space    used 44K, committed 128K, reserved 1048576K
}
Event: 1.530 GC heap before
{Heap before GC invocations=1 (full 0):
 garbage-first heap   total 262144K, used 31782K [0x0000000701c00000, 0x0000000800000000)
  region size 2048K, 9 young (18432K), 2 survivors (4096K)
 Metaspace       used 3176K, committed 3328K, reserved 1056768K
  class space    used 286K, committed 384K, reserved 1048576K
}
Event: 1.532 GC heap after
{Heap after GC invocations=2 (full 0):
 garbage-first heap   total 262144K, used 18725K [0x0000000701c00000, 0x0000000800000000)
  region size 2048K, 1 young (2048K), 1 survivors (2048K)
 Metaspace       used 3176K, committed 3328K, reserved 1056768K
  class space    used 286K, committed 384K, reserved 1048576K
}
Event: 2.535 GC heap before
{Heap before GC invocations=2 (full 0):
 garbage-first heap   total 262144K, used 65829K [0x0000000701c00000, 0x0000000800000000)
  region size 2048K, 24 young (49152K), 1 survivors (2048K)
 Metaspace       used 15495K, committed 15744K, reserved 1064960K
  class space    used 1720K, committed 1792K, reserved 1048576K
}
Event: 2.539 GC heap after
{Heap after GC invocations=3 (full 0):
 garbage-first heap   total 262144K, used 21717K [0x0000000701c00000, 0x0000000800000000)
  region size 2048K, 2 young (4096K), 2 survivors (4096K)
 Metaspace       used 15495K, committed 15744K, reserved 1064960K
  class space    used 1720K, committed 1792K, reserved 1048576K
}
Event: 3.269 GC heap before
{Heap before GC invocations=3 (full 0):
 garbage-first heap   total 262144K, used 48341K [0x0000000701c00000, 0x0000000800000000)
  region size 2048K, 17 young (34816K), 2 survivors (4096K)
 Metaspace       used 21326K, committed 21504K, reserved 1073152K
  class space    used 2148K, committed 2240K, reserved 1048576K
}
Event: 3.275 GC heap after
{Heap after GC invocations=4 (full 0):
 garbage-first heap   total 262144K, used 23671K [0x0000000701c00000, 0x0000000800000000)
  region size 2048K, 3 young (6144K), 3 survivors (6144K)
 Metaspace       used 21326K, committed 21504K, reserved 1073152K
  class space    used 2148K, committed 2240K, reserved 1048576K
}
Event: 4.803 GC heap before
{Heap before GC invocations=5 (full 0):
 garbage-first heap   total 90112K, used 70775K [0x0000000701c00000, 0x0000000800000000)
  region size 2048K, 26 young (53248K), 3 survivors (6144K)
 Metaspace       used 28654K, committed 28992K, reserved 1081344K
  class space    used 2733K, committed 2880K, reserved 1048576K
}
Event: 4.813 GC heap after
{Heap after GC invocations=6 (full 0):
 garbage-first heap   total 90112K, used 33042K [0x0000000701c00000, 0x0000000800000000)
  region size 2048K, 4 young (8192K), 4 survivors (8192K)
 Metaspace       used 28654K, committed 28992K, reserved 1081344K
  class space    used 2733K, committed 2880K, reserved 1048576K
}
Event: 4.986 GC heap before
{Heap before GC invocations=6 (full 0):
 garbage-first heap   total 90112K, used 67858K [0x0000000701c00000, 0x0000000800000000)
  region size 2048K, 16 young (32768K), 4 survivors (8192K)
 Metaspace       used 28721K, committed 28992K, reserved 1081344K
  class space    used 2733K, committed 2880K, reserved 1048576K
}
Event: 5.006 GC heap after
{Heap after GC invocations=7 (full 0):
 garbage-first heap   total 94208K, used 58844K [0x0000000701c00000, 0x0000000800000000)
  region size 2048K, 2 young (4096K), 2 survivors (4096K)
 Metaspace       used 28721K, committed 28992K, reserved 1081344K
  class space    used 2733K, committed 2880K, reserved 1048576K
}
Event: 5.074 GC heap before
{Heap before GC invocations=8 (full 0):
 garbage-first heap   total 106496K, used 60892K [0x0000000701c00000, 0x0000000800000000)
  region size 2048K, 3 young (6144K), 2 survivors (4096K)
 Metaspace       used 28738K, committed 29056K, reserved 1081344K
  class space    used 2733K, committed 2880K, reserved 1048576K
}
Event: 5.078 GC heap after
{Heap after GC invocations=9 (full 0):
 garbage-first heap   total 106496K, used 50190K [0x0000000701c00000, 0x0000000800000000)
  region size 2048K, 1 young (2048K), 1 survivors (2048K)
 Metaspace       used 28738K, committed 29056K, reserved 1081344K
  class space    used 2733K, committed 2880K, reserved 1048576K
}
Event: 5.151 GC heap before
{Heap before GC invocations=10 (full 0):
 garbage-first heap   total 126976K, used 76814K [0x0000000701c00000, 0x0000000800000000)
  region size 2048K, 2 young (4096K), 1 survivors (2048K)
 Metaspace       used 28753K, committed 29056K, reserved 1081344K
  class space    used 2733K, committed 2880K, reserved 1048576K
}
Event: 5.152 GC heap after
{Heap after GC invocations=11 (full 0):
 garbage-first heap   total 126976K, used 53584K [0x0000000701c00000, 0x0000000800000000)
  region size 2048K, 1 young (2048K), 1 survivors (2048K)
 Metaspace       used 28753K, committed 29056K, reserved 1081344K
  class space    used 2733K, committed 2880K, reserved 1048576K
}
Event: 5.152 GC heap before
{Heap before GC invocations=11 (full 0):
 garbage-first heap   total 126976K, used 55632K [0x0000000701c00000, 0x0000000800000000)
  region size 2048K, 2 young (4096K), 1 survivors (2048K)
 Metaspace       used 28756K, committed 29056K, reserved 1081344K
  class space    used 2733K, committed 2880K, reserved 1048576K
}
Event: 5.153 GC heap after
{Heap after GC invocations=12 (full 0):
 garbage-first heap   total 126976K, used 55608K [0x0000000701c00000, 0x0000000800000000)
  region size 2048K, 1 young (2048K), 1 survivors (2048K)
 Metaspace       used 28756K, committed 29056K, reserved 1081344K
  class space    used 2733K, committed 2880K, reserved 1048576K
}

